Base path: /home/dragomir/Unity/Hub/Editor/2018.3.3f1/Editor/Data
Cmd: initializeCompiler
Cmd: compileComputeKernel
  api=18 insize=1957 outsize=6541 ok=1
Cmd: initializeCompiler
Cmd: initializeCompiler
Cmd: initializeCompiler
Cmd: initializeCompiler
Cmd: initializeCompiler
Cmd: initializeCompiler
Cmd: initializeCompiler
Cmd: initializeCompiler
Cmd: initializeCompiler
Cmd: initializeCompiler
Cmd: initializeCompiler
Cmd: compileComputeKernel
  api=9 insize=1957 outsize=1153 ok=1
Cmd: compileComputeKernel
  api=15 insize=1957 outsize=1469 ok=1
Cmd: initializeCompiler

Quitting shader compiler process
